<?xml version="1.0" encoding="UTF-8" ?>
<testsuites id="2026-09-22" name="report_123" tests="22" failures="0" skipped="0" flaky="0" time="0.000">
	<testsuite id="0" name="test_fg_decomposition" package="tests/calibration" timestamp="2026-09-22T17:31:59" hostname="localhost" tests="22" failures="0" errors="0" skipped="0" flaky="0" time="357.260">
		<testcase name="test_the_field_goal_identities_close_on_every_axis" classname="test_fg_decomposition" time="20.953">
		</testcase>
		<testcase name="test_made_field_goals_are_exactly_the_two_and_three_pointers" classname="test_fg_decomposition" time="19.283">
		</testcase>
		<testcase name="test_the_ledger_and_the_box_score_agree_about_field_goals" classname="test_fg_decomposition" time="27.490">
		</testcase>
		<testcase name="test_the_field_goal_gate_reports_a_breach_rather_than_absorbing_it" classname="test_fg_decomposition" time="7.539">
		</testcase>
		<testcase name="test_contest_band_accuracy_is_monotone_in_the_bands_the_fixture_uses" classname="test_fg_decomposition" time="78.151">
		</testcase>
		<testcase name="test_the_zone_and_contest_shares_each_sum_to_one" classname="test_fg_decomposition" time="24.678">
		</testcase>
		<testcase name="test_shooter_capability_moves_make_probability" classname="test_fg_decomposition" time="38.886">
		</testcase>
		<testcase name="test_defender_capability_moves_contest_pressure" classname="test_fg_decomposition" time="35.929">
		</testcase>
		<testcase name="test_rating_normalization_round_trips_through_the_baseline_curve" classname="test_fg_decomposition" time="0.016">
		</testcase>
		<testcase name="test_the_roster_ladder_preserves_the_intended_rating_gap_between_levels" classname="test_fg_decomposition" time="0.027">
		</testcase>
		<testcase name="test_the_shot_probe_cannot_change_the_ledger" classname="test_fg_decomposition" time="6.264">
		</testcase>
		<testcase name="test_the_probe_is_detached_by_default" classname="test_fg_decomposition" time="0.014">
		</testcase>
		<testcase name="test_a_probe_whose_owner_was_freed_is_ignored" classname="test_fg_decomposition" time="6.111">
		</testcase>
		<testcase name="test_the_probe_terms_sum_to_the_probability_they_describe" classname="test_fg_decomposition" time="16.647">
		</testcase>
		<testcase name="test_the_field_goal_interval_is_a_ratio_estimator" classname="test_fg_decomposition" time="0.012">
		</testcase>
		<testcase name="test_the_published_field_goal_interval_goes_through_the_ratio_estimator" classname="test_fg_decomposition" time="0.012">
		</testcase>
		<testcase name="test_the_ratio_estimator_refuses_an_unusable_series" classname="test_fg_decomposition" time="0.021">
		</testcase>
		<testcase name="test_shot_resolution_has_no_compensation_channel" classname="test_fg_decomposition" time="0.016">
		</testcase>
		<testcase name="test_shot_resolution_cannot_name_a_competition" classname="test_fg_decomposition" time="0.016">
		</testcase>
		<testcase name="test_make_resolution_cannot_see_the_scoreboard" classname="test_fg_decomposition" time="0.014">
		</testcase>
		<testcase name="test_every_competition_shoots_against_one_shared_shot_profile" classname="test_fg_decomposition" time="0.027">
		</testcase>
		<testcase name="test_the_compensation_channels_are_pinned_on_a_fixed_fixture" classname="test_fg_decomposition" time="74.567">
		</testcase>
	</testsuite>
</testsuites>
