<?xml version="1.0" encoding="UTF-8" ?>
<testsuites id="2026-09-14" name="report_1" tests="16" failures="0" skipped="0" flaky="0" time="0.000">
	<testsuite id="0" name="test_game_management" package="tests/simulation" timestamp="2026-09-15T02:33:26" hostname="localhost" tests="16" failures="0" errors="0" skipped="0" flaky="0" time="103.288">
		<testcase name="test_pressure_is_zero_through_ordinary_basketball" classname="test_game_management" time="0.007">
		</testcase>
		<testcase name="test_pressure_reaches_its_ceiling_when_the_clock_runs_out" classname="test_game_management" time="0.005">
		</testcase>
		<testcase name="test_a_large_early_margin_is_not_an_endgame" classname="test_game_management" time="0.004">
		</testcase>
		<testcase name="test_both_teams_share_one_pressure" classname="test_game_management" time="0.005">
		</testcase>
		<testcase name="test_the_policy_mirrors_when_the_scoreboard_is_reversed" classname="test_game_management" time="0.006">
		</testcase>
		<testcase name="test_the_policy_cannot_read_strength_or_an_intended_winner" classname="test_game_management" time="0.005">
		</testcase>
		<testcase name="test_pace_control_is_bounded" classname="test_game_management" time="0.006">
		</testcase>
		<testcase name="test_the_chasing_strategy_changes_selection_and_stays_inside_its_guardrail" classname="test_game_management" time="0.004">
		</testcase>
		<testcase name="test_the_score_grants_no_shot_probability" classname="test_game_management" time="0.005">
		</testcase>
		<testcase name="test_the_free_throw_pressure_term_is_symmetric" classname="test_game_management" time="0.004">
		</testcase>
		<testcase name="test_the_endgame_rule_seeks_the_tying_shot_value" classname="test_game_management" time="0.005">
		</testcase>
		<testcase name="test_the_endgame_rule_applies_only_to_a_levelling_deficit" classname="test_game_management" time="0.005">
		</testcase>
		<testcase name="test_every_competition_grants_a_bounded_timeout_allowance" classname="test_game_management" time="0.003">
		</testcase>
		<testcase name="test_timeouts_are_spent_and_never_replenished" classname="test_game_management" time="3.814">
		</testcase>
		<testcase name="test_timeouts_trigger_only_under_valid_conditions" classname="test_game_management" time="99.358">
		</testcase>
		<testcase name="test_a_timeout_rests_both_teams_equally" classname="test_game_management" time="0.006">
		</testcase>
	</testsuite>
</testsuites>
